d:\portfolio\jdm7dv\actionscript\flash player\source\debug\flashwin32.bsc
d:\portfolio\jdm7dv\actionscript\flash player\source\debug\vc141.pdb
d:\portfolio\jdm7dv\actionscript\flash player\source\debug\bitbuf.sbr
d:\portfolio\jdm7dv\actionscript\flash player\source\debug\curve.sbr
d:\portfolio\jdm7dv\actionscript\flash player\source\debug\edittext.sbr
d:\portfolio\jdm7dv\actionscript\flash player\source\debug\fixed.sbr
d:\portfolio\jdm7dv\actionscript\flash player\source\debug\geom.sbr
d:\portfolio\jdm7dv\actionscript\flash player\source\debug\global.sbr
d:\portfolio\jdm7dv\actionscript\flash player\source\debug\jpeg.sbr
d:\portfolio\jdm7dv\actionscript\flash player\source\debug\jcomapi.sbr
d:\portfolio\jdm7dv\actionscript\flash player\source\debug\jdapimin.sbr
d:\portfolio\jdm7dv\actionscript\flash player\source\debug\jdapistd.sbr
d:\portfolio\jdm7dv\actionscript\flash player\source\debug\jdcoefct.sbr
d:\portfolio\jdm7dv\actionscript\flash player\source\debug\jdcolor.sbr
d:\portfolio\jdm7dv\actionscript\flash player\source\debug\jddctmgr.sbr
d:\portfolio\jdm7dv\actionscript\flash player\source\debug\jdhuff.sbr
d:\portfolio\jdm7dv\actionscript\flash player\source\debug\jdinput.sbr
d:\portfolio\jdm7dv\actionscript\flash player\source\debug\jdmainct.sbr
d:\portfolio\jdm7dv\actionscript\flash player\source\debug\jdmarker.sbr
d:\portfolio\jdm7dv\actionscript\flash player\source\debug\jdmaster.sbr
d:\portfolio\jdm7dv\actionscript\flash player\source\debug\jdpostct.sbr
d:\portfolio\jdm7dv\actionscript\flash player\source\debug\jdsample.sbr
d:\portfolio\jdm7dv\actionscript\flash player\source\debug\jdsample.obj
d:\portfolio\jdm7dv\actionscript\flash player\source\debug\jdpostct.obj
d:\portfolio\jdm7dv\actionscript\flash player\source\debug\jdmaster.obj
d:\portfolio\jdm7dv\actionscript\flash player\source\debug\jdmarker.obj
d:\portfolio\jdm7dv\actionscript\flash player\source\debug\jdmainct.obj
d:\portfolio\jdm7dv\actionscript\flash player\source\debug\jdinput.obj
d:\portfolio\jdm7dv\actionscript\flash player\source\debug\jdhuff.obj
d:\portfolio\jdm7dv\actionscript\flash player\source\debug\jddctmgr.obj
d:\portfolio\jdm7dv\actionscript\flash player\source\debug\jdcolor.obj
d:\portfolio\jdm7dv\actionscript\flash player\source\debug\jdcoefct.obj
d:\portfolio\jdm7dv\actionscript\flash player\source\debug\jdapistd.obj
d:\portfolio\jdm7dv\actionscript\flash player\source\debug\jdapimin.obj
d:\portfolio\jdm7dv\actionscript\flash player\source\debug\jcomapi.obj
d:\portfolio\jdm7dv\actionscript\flash player\source\debug\jpeg.obj
d:\portfolio\jdm7dv\actionscript\flash player\source\debug\global.obj
d:\portfolio\jdm7dv\actionscript\flash player\source\debug\geom.obj
d:\portfolio\jdm7dv\actionscript\flash player\source\debug\fixed.obj
d:\portfolio\jdm7dv\actionscript\flash player\source\debug\edittext.obj
d:\portfolio\jdm7dv\actionscript\flash player\source\debug\curve.obj
d:\portfolio\jdm7dv\actionscript\flash player\source\debug\bitbuf.obj
d:\portfolio\jdm7dv\actionscript\flash player\source\debug\jfdctint.sbr
d:\portfolio\jdm7dv\actionscript\flash player\source\debug\jidctint.sbr
d:\portfolio\jdm7dv\actionscript\flash player\source\debug\jmemmgr.sbr
d:\portfolio\jdm7dv\actionscript\flash player\source\debug\jmemnobs.sbr
d:\portfolio\jdm7dv\actionscript\flash player\source\debug\jutils.sbr
d:\portfolio\jdm7dv\actionscript\flash player\source\debug\memcop.sbr
d:\portfolio\jdm7dv\actionscript\flash player\source\debug\morphinter.sbr
d:\portfolio\jdm7dv\actionscript\flash player\source\debug\mp3decoder.sbr
d:\portfolio\jdm7dv\actionscript\flash player\source\debug\raster.sbr
d:\portfolio\jdm7dv\actionscript\flash player\source\debug\sbitmap.sbr
d:\portfolio\jdm7dv\actionscript\flash player\source\debug\sdisplay.sbr
d:\portfolio\jdm7dv\actionscript\flash player\source\debug\sndcodec.sbr
d:\portfolio\jdm7dv\actionscript\flash player\source\debug\sndmix.sbr
d:\portfolio\jdm7dv\actionscript\flash player\source\debug\sobject.sbr
d:\portfolio\jdm7dv\actionscript\flash player\source\debug\splay.sbr
d:\portfolio\jdm7dv\actionscript\flash player\source\debug\splayer.sbr
d:\portfolio\jdm7dv\actionscript\flash player\source\debug\sstroker.sbr
d:\portfolio\jdm7dv\actionscript\flash player\source\debug\unixfonts.sbr
d:\portfolio\jdm7dv\actionscript\flash player\source\debug\debug.sbr
d:\portfolio\jdm7dv\actionscript\flash player\source\debug\display.sbr
d:\portfolio\jdm7dv\actionscript\flash player\source\debug\display.obj
d:\portfolio\jdm7dv\actionscript\flash player\source\debug\debug.obj
d:\portfolio\jdm7dv\actionscript\flash player\source\debug\unixfonts.obj
d:\portfolio\jdm7dv\actionscript\flash player\source\debug\sstroker.obj
d:\portfolio\jdm7dv\actionscript\flash player\source\debug\splayer.obj
d:\portfolio\jdm7dv\actionscript\flash player\source\debug\splay.obj
d:\portfolio\jdm7dv\actionscript\flash player\source\debug\sobject.obj
d:\portfolio\jdm7dv\actionscript\flash player\source\debug\sndmix.obj
d:\portfolio\jdm7dv\actionscript\flash player\source\debug\sndcodec.obj
d:\portfolio\jdm7dv\actionscript\flash player\source\debug\sdisplay.obj
d:\portfolio\jdm7dv\actionscript\flash player\source\debug\sbitmap.obj
d:\portfolio\jdm7dv\actionscript\flash player\source\debug\raster.obj
d:\portfolio\jdm7dv\actionscript\flash player\source\debug\mp3decoder.obj
d:\portfolio\jdm7dv\actionscript\flash player\source\debug\morphinter.obj
d:\portfolio\jdm7dv\actionscript\flash player\source\debug\memcop.obj
d:\portfolio\jdm7dv\actionscript\flash player\source\debug\jutils.obj
d:\portfolio\jdm7dv\actionscript\flash player\source\debug\jmemnobs.obj
d:\portfolio\jdm7dv\actionscript\flash player\source\debug\jmemmgr.obj
d:\portfolio\jdm7dv\actionscript\flash player\source\debug\jidctint.obj
d:\portfolio\jdm7dv\actionscript\flash player\source\debug\jfdctint.obj
d:\portfolio\jdm7dv\actionscript\flash player\source\debug\palette.sbr
d:\portfolio\jdm7dv\actionscript\flash player\source\debug\playerwnd.sbr
d:\portfolio\jdm7dv\actionscript\flash player\source\debug\sound.sbr
d:\portfolio\jdm7dv\actionscript\flash player\source\debug\util.sbr
d:\portfolio\jdm7dv\actionscript\flash player\source\debug\adler32.sbr
d:\portfolio\jdm7dv\actionscript\flash player\source\debug\infblock.sbr
d:\portfolio\jdm7dv\actionscript\flash player\source\debug\infcodes.sbr
d:\portfolio\jdm7dv\actionscript\flash player\source\debug\inffast.sbr
d:\portfolio\jdm7dv\actionscript\flash player\source\debug\inflate.sbr
d:\portfolio\jdm7dv\actionscript\flash player\source\debug\inftrees.sbr
d:\portfolio\jdm7dv\actionscript\flash player\source\debug\infutil.sbr
d:\portfolio\jdm7dv\actionscript\flash player\source\debug\uncompr.sbr
d:\portfolio\jdm7dv\actionscript\flash player\source\debug\zutil.sbr
d:\portfolio\jdm7dv\actionscript\flash player\source\debug\zutil.obj
d:\portfolio\jdm7dv\actionscript\flash player\source\debug\uncompr.obj
d:\portfolio\jdm7dv\actionscript\flash player\source\debug\infutil.obj
d:\portfolio\jdm7dv\actionscript\flash player\source\debug\inftrees.obj
d:\portfolio\jdm7dv\actionscript\flash player\source\debug\inflate.obj
d:\portfolio\jdm7dv\actionscript\flash player\source\debug\inffast.obj
d:\portfolio\jdm7dv\actionscript\flash player\source\debug\infcodes.obj
d:\portfolio\jdm7dv\actionscript\flash player\source\debug\infblock.obj
d:\portfolio\jdm7dv\actionscript\flash player\source\debug\adler32.obj
d:\portfolio\jdm7dv\actionscript\flash player\source\debug\util.obj
d:\portfolio\jdm7dv\actionscript\flash player\source\debug\sound.obj
d:\portfolio\jdm7dv\actionscript\flash player\source\debug\playerwnd.obj
d:\portfolio\jdm7dv\actionscript\flash player\source\debug\palette.obj
d:\portfolio\jdm7dv\actionscript\flash player\source\debug\vc140.pdb
d:\portfolio\jdm7dv\actionscript\flash player\source\debug\.netframework,version=v4.0.assemblyattributes.sbr
d:\portfolio\jdm7dv\actionscript\flash player\source\debug\.netframework,version=v4.0.assemblyattributes.obj
d:\portfolio\jdm7dv\actionscript\flash player\source\debug\.netframework,version=v4.0.assemblyattributes.asm
d:\portfolio\jdm7dv\actionscript\flash player\source\debug\
d:\portfolio\jdm7dv\actionscript\flash player\source\debug\flashwin32.ilk
d:\portfolio\jdm7dv\actionscript\flash player\source\debug\flashwin32.exe
d:\portfolio\jdm7dv\actionscript\flash player\source\debug\flashwin32.pdb
d:\portfolio\jdm7dv\actionscript\flash player\source\debug\simplewin.res
d:\portfolio\jdm7dv\actionscript\flash player\source\debug\flashwin32.vcxprojresolveassemblyreference.cache
d:\portfolio\jdm7dv\actionscript\flash player\source\debug\vc120.idb
d:\portfolio\jdm7dv\actionscript\flash player\source\debug\vc140.idb
d:\portfolio\jdm7dv\actionscript\flash player\source\debug\vc141.idb
d:\portfolio\jdm7dv\actionscript\flash player\source\debug\vc120.pdb
d:\portfolio\jdm7dv\actionscript\flash player\source\debug\flashwin32.tlog\bscmake.command.1.tlog
d:\portfolio\jdm7dv\actionscript\flash player\source\debug\flashwin32.tlog\bscmake.read.1.tlog
d:\portfolio\jdm7dv\actionscript\flash player\source\debug\flashwin32.tlog\bscmake.write.1.tlog
d:\portfolio\jdm7dv\actionscript\flash player\source\debug\flashwin32.tlog\cl.command.1.tlog
d:\portfolio\jdm7dv\actionscript\flash player\source\debug\flashwin32.tlog\cl.read.1.tlog
d:\portfolio\jdm7dv\actionscript\flash player\source\debug\flashwin32.tlog\cl.write.1.tlog
d:\portfolio\jdm7dv\actionscript\flash player\source\debug\flashwin32.tlog\link.3620-cvtres.read.1.tlog
d:\portfolio\jdm7dv\actionscript\flash player\source\debug\flashwin32.tlog\link.3620-cvtres.write.1.tlog
d:\portfolio\jdm7dv\actionscript\flash player\source\debug\flashwin32.tlog\link.3620-rc.read.1.tlog
d:\portfolio\jdm7dv\actionscript\flash player\source\debug\flashwin32.tlog\link.3620-rc.write.1.tlog
d:\portfolio\jdm7dv\actionscript\flash player\source\debug\flashwin32.tlog\link.3620.read.1.tlog
d:\portfolio\jdm7dv\actionscript\flash player\source\debug\flashwin32.tlog\link.3620.write.1.tlog
d:\portfolio\jdm7dv\actionscript\flash player\source\debug\flashwin32.tlog\link.command.1.tlog
d:\portfolio\jdm7dv\actionscript\flash player\source\debug\flashwin32.tlog\link.read.1.tlog
d:\portfolio\jdm7dv\actionscript\flash player\source\debug\flashwin32.tlog\link.write.1.tlog
d:\portfolio\jdm7dv\actionscript\flash player\source\debug\flashwin32.tlog\metagen.read.1.tlog
d:\portfolio\jdm7dv\actionscript\flash player\source\debug\flashwin32.tlog\metagen.write.1.tlog
d:\portfolio\jdm7dv\actionscript\flash player\source\debug\flashwin32.tlog\rc.command.1.tlog
d:\portfolio\jdm7dv\actionscript\flash player\source\debug\flashwin32.tlog\rc.read.1.tlog
d:\portfolio\jdm7dv\actionscript\flash player\source\debug\flashwin32.tlog\rc.write.1.tlog
d:\portfolio\jdm7dv\actionscript\flash player\source\debug\flashwin32.tlog\tzres.dll.bi
